[0.091s] DEBUG:colcon:Command line arguments: ['/home/eco-bdh/.local/bin/colcon', 'build']
[0.091s] DEBUG:colcon:Parsed command line arguments: Namespace(log_base=None, log_level=None, verb_name='build', build_base='build', install_base='install', merge_install=False, symlink_install=False, test_result_base=None, continue_on_error=False, executor='parallel', parallel_workers=12, event_handlers=None, ignore_user_meta=False, metas=['./colcon.meta'], base_paths=['.'], packages_ignore=None, packages_ignore_regex=None, paths=None, packages_up_to=None, packages_up_to_regex=None, packages_above=None, packages_above_and_dependencies=None, packages_above_depth=None, packages_select_by_dep=None, packages_skip_by_dep=None, packages_skip_up_to=None, packages_select_build_failed=False, packages_skip_build_finished=False, packages_select_test_failures=False, packages_skip_test_passed=False, packages_select=None, packages_skip=None, packages_select_regex=None, packages_skip_regex=None, packages_start=None, packages_end=None, allow_overriding=[], cmake_args=None, cmake_target=None, cmake_target_skip_unavailable=False, cmake_clean_cache=False, cmake_clean_first=False, cmake_force_configure=False, ament_cmake_args=None, catkin_cmake_args=None, catkin_skip_building_tests=False, verb_parser=<colcon_defaults.argument_parser.defaults.DefaultArgumentsDecorator object at 0x737e89cd2bf0>, verb_extension=<colcon_core.verb.build.BuildVerb object at 0x737e89c7c250>, main=<bound method BuildVerb.main of <colcon_core.verb.build.BuildVerb object at 0x737e89c7c250>>)
[0.204s] Level 1:colcon.colcon_core.package_discovery:discover_packages(colcon_meta) check parameters
[0.204s] Level 1:colcon.colcon_core.package_discovery:discover_packages(recursive) check parameters
[0.204s] Level 1:colcon.colcon_core.package_discovery:discover_packages(ignore) check parameters
[0.204s] Level 1:colcon.colcon_core.package_discovery:discover_packages(path) check parameters
[0.204s] Level 1:colcon.colcon_core.package_discovery:discover_packages(colcon_meta) discover
[0.204s] Level 1:colcon.colcon_core.package_discovery:discover_packages(recursive) discover
[0.204s] INFO:colcon.colcon_core.package_discovery:Crawling recursively for packages in '/home/eco-bdh/work_eco/SW/motors/bldc/bldc-control/ESP32/micro-ros'
[0.204s] Level 1:colcon.colcon_core.package_identification:_identify(.) by extensions ['ignore', 'ignore_ament_install']
[0.204s] Level 1:colcon.colcon_core.package_identification:_identify(.) by extension 'ignore'
[0.204s] Level 1:colcon.colcon_core.package_identification:_identify(.) by extension 'ignore_ament_install'
[0.205s] Level 1:colcon.colcon_core.package_identification:_identify(.) by extensions ['colcon_pkg']
[0.205s] Level 1:colcon.colcon_core.package_identification:_identify(.) by extension 'colcon_pkg'
[0.205s] Level 1:colcon.colcon_core.package_identification:_identify(.) by extensions ['colcon_meta']
[0.205s] Level 1:colcon.colcon_core.package_identification:_identify(.) by extension 'colcon_meta'
[0.205s] Level 1:colcon.colcon_core.package_identification:_identify(.) by extensions ['ros']
[0.205s] Level 1:colcon.colcon_core.package_identification:_identify(.) by extension 'ros'
[0.213s] Level 1:colcon.colcon_core.package_identification:_identify(.) by extensions ['cmake', 'python']
[0.213s] Level 1:colcon.colcon_core.package_identification:_identify(.) by extension 'cmake'
[0.213s] Level 1:colcon.colcon_core.package_identification:_identify(.) by extension 'python'
[0.213s] Level 1:colcon.colcon_core.package_identification:_identify(.) by extensions ['python_setup_py']
[0.213s] Level 1:colcon.colcon_core.package_identification:_identify(.) by extension 'python_setup_py'
[0.213s] Level 1:colcon.colcon_core.package_identification:_identify(build) by extensions ['ignore', 'ignore_ament_install']
[0.213s] Level 1:colcon.colcon_core.package_identification:_identify(build) by extension 'ignore'
[0.213s] Level 1:colcon.colcon_core.package_identification:_identify(build) ignored
[0.213s] Level 1:colcon.colcon_core.package_identification:_identify(install) by extensions ['ignore', 'ignore_ament_install']
[0.213s] Level 1:colcon.colcon_core.package_identification:_identify(install) by extension 'ignore'
[0.213s] Level 1:colcon.colcon_core.package_identification:_identify(install) ignored
[0.213s] Level 1:colcon.colcon_core.package_identification:_identify(log) by extensions ['ignore', 'ignore_ament_install']
[0.213s] Level 1:colcon.colcon_core.package_identification:_identify(log) by extension 'ignore'
[0.213s] Level 1:colcon.colcon_core.package_identification:_identify(log) ignored
[0.213s] Level 1:colcon.colcon_core.package_identification:_identify(micro_ros_espidf_component) by extensions ['ignore', 'ignore_ament_install']
[0.214s] Level 1:colcon.colcon_core.package_identification:_identify(micro_ros_espidf_component) by extension 'ignore'
[0.214s] Level 1:colcon.colcon_core.package_identification:_identify(micro_ros_espidf_component) by extension 'ignore_ament_install'
[0.214s] Level 1:colcon.colcon_core.package_identification:_identify(micro_ros_espidf_component) by extensions ['colcon_pkg']
[0.214s] Level 1:colcon.colcon_core.package_identification:_identify(micro_ros_espidf_component) by extension 'colcon_pkg'
[0.214s] Level 1:colcon.colcon_core.package_identification:_identify(micro_ros_espidf_component) by extensions ['colcon_meta']
[0.214s] Level 1:colcon.colcon_core.package_identification:_identify(micro_ros_espidf_component) by extension 'colcon_meta'
[0.214s] Level 1:colcon.colcon_core.package_identification:_identify(micro_ros_espidf_component) by extensions ['ros']
[0.214s] Level 1:colcon.colcon_core.package_identification:_identify(micro_ros_espidf_component) by extension 'ros'
[0.215s] DEBUG:colcon.colcon_core.package_identification:Package 'micro_ros_espidf_component' with type 'ros.catkin' and name 'micro_ros_espidf'
[0.215s] Level 1:colcon.colcon_core.package_identification:_identify(src) by extensions ['ignore', 'ignore_ament_install']
[0.215s] Level 1:colcon.colcon_core.package_identification:_identify(src) by extension 'ignore'
[0.215s] Level 1:colcon.colcon_core.package_identification:_identify(src) by extension 'ignore_ament_install'
[0.215s] Level 1:colcon.colcon_core.package_identification:_identify(src) by extensions ['colcon_pkg']
[0.215s] Level 1:colcon.colcon_core.package_identification:_identify(src) by extension 'colcon_pkg'
[0.215s] Level 1:colcon.colcon_core.package_identification:_identify(src) by extensions ['colcon_meta']
[0.215s] Level 1:colcon.colcon_core.package_identification:_identify(src) by extension 'colcon_meta'
[0.216s] Level 1:colcon.colcon_core.package_identification:_identify(src) by extensions ['ros']
[0.216s] Level 1:colcon.colcon_core.package_identification:_identify(src) by extension 'ros'
[0.216s] Level 1:colcon.colcon_core.package_identification:_identify(src) by extensions ['cmake', 'python']
[0.216s] Level 1:colcon.colcon_core.package_identification:_identify(src) by extension 'cmake'
[0.216s] Level 1:colcon.colcon_core.package_identification:_identify(src) by extension 'python'
[0.216s] Level 1:colcon.colcon_core.package_identification:_identify(src) by extensions ['python_setup_py']
[0.216s] Level 1:colcon.colcon_core.package_identification:_identify(src) by extension 'python_setup_py'
[0.216s] Level 1:colcon.colcon_core.package_identification:_identify(src/micro_ros_setup) by extensions ['ignore', 'ignore_ament_install']
[0.216s] Level 1:colcon.colcon_core.package_identification:_identify(src/micro_ros_setup) by extension 'ignore'
[0.216s] Level 1:colcon.colcon_core.package_identification:_identify(src/micro_ros_setup) by extension 'ignore_ament_install'
[0.216s] Level 1:colcon.colcon_core.package_identification:_identify(src/micro_ros_setup) by extensions ['colcon_pkg']
[0.216s] Level 1:colcon.colcon_core.package_identification:_identify(src/micro_ros_setup) by extension 'colcon_pkg'
[0.216s] Level 1:colcon.colcon_core.package_identification:_identify(src/micro_ros_setup) by extensions ['colcon_meta']
[0.216s] Level 1:colcon.colcon_core.package_identification:_identify(src/micro_ros_setup) by extension 'colcon_meta'
[0.216s] Level 1:colcon.colcon_core.package_identification:_identify(src/micro_ros_setup) by extensions ['ros']
[0.216s] Level 1:colcon.colcon_core.package_identification:_identify(src/micro_ros_setup) by extension 'ros'
[0.217s] DEBUG:colcon.colcon_core.package_identification:Package 'src/micro_ros_setup' with type 'ros.ament_cmake' and name 'micro_ros_setup'
[0.217s] Level 1:colcon.colcon_core.package_discovery:discover_packages(recursive) using defaults
[0.217s] Level 1:colcon.colcon_core.package_discovery:discover_packages(ignore) discover
[0.217s] Level 1:colcon.colcon_core.package_discovery:discover_packages(ignore) using defaults
[0.217s] Level 1:colcon.colcon_core.package_discovery:discover_packages(path) discover
[0.217s] Level 1:colcon.colcon_core.package_discovery:discover_packages(path) using defaults
[0.230s] Level 1:colcon.colcon_core.package_discovery:discover_packages(prefix_path) check parameters
[0.230s] Level 1:colcon.colcon_core.package_discovery:discover_packages(prefix_path) discover
[0.232s] DEBUG:colcon.colcon_installed_package_information.package_discovery:Found 271 installed packages in /opt/ros/humble
[0.233s] Level 1:colcon.colcon_core.package_discovery:discover_packages(prefix_path) using defaults
[0.267s] Level 5:colcon.colcon_core.verb:set package 'micro_ros_espidf' build argument 'cmake_args' from command line to 'None'
[0.267s] Level 5:colcon.colcon_core.verb:set package 'micro_ros_espidf' build argument 'cmake_target' from command line to 'None'
[0.267s] Level 5:colcon.colcon_core.verb:set package 'micro_ros_espidf' build argument 'cmake_target_skip_unavailable' from command line to 'False'
[0.267s] Level 5:colcon.colcon_core.verb:set package 'micro_ros_espidf' build argument 'cmake_clean_cache' from command line to 'False'
[0.267s] Level 5:colcon.colcon_core.verb:set package 'micro_ros_espidf' build argument 'cmake_clean_first' from command line to 'False'
[0.267s] Level 5:colcon.colcon_core.verb:set package 'micro_ros_espidf' build argument 'cmake_force_configure' from command line to 'False'
[0.267s] Level 5:colcon.colcon_core.verb:set package 'micro_ros_espidf' build argument 'ament_cmake_args' from command line to 'None'
[0.267s] Level 5:colcon.colcon_core.verb:set package 'micro_ros_espidf' build argument 'catkin_cmake_args' from command line to 'None'
[0.267s] Level 5:colcon.colcon_core.verb:set package 'micro_ros_espidf' build argument 'catkin_skip_building_tests' from command line to 'False'
[0.267s] DEBUG:colcon.colcon_core.verb:Building package 'micro_ros_espidf' with the following arguments: {'ament_cmake_args': None, 'build_base': '/home/eco-bdh/work_eco/SW/motors/bldc/bldc-control/ESP32/micro-ros/build/micro_ros_espidf', 'catkin_cmake_args': None, 'catkin_skip_building_tests': False, 'cmake_args': None, 'cmake_clean_cache': False, 'cmake_clean_first': False, 'cmake_force_configure': False, 'cmake_target': None, 'cmake_target_skip_unavailable': False, 'install_base': '/home/eco-bdh/work_eco/SW/motors/bldc/bldc-control/ESP32/micro-ros/install/micro_ros_espidf', 'merge_install': False, 'path': '/home/eco-bdh/work_eco/SW/motors/bldc/bldc-control/ESP32/micro-ros/micro_ros_espidf_component', 'symlink_install': False, 'test_result_base': None}
[0.267s] Level 5:colcon.colcon_core.verb:set package 'micro_ros_setup' build argument 'cmake_args' from command line to 'None'
[0.267s] Level 5:colcon.colcon_core.verb:set package 'micro_ros_setup' build argument 'cmake_target' from command line to 'None'
[0.267s] Level 5:colcon.colcon_core.verb:set package 'micro_ros_setup' build argument 'cmake_target_skip_unavailable' from command line to 'False'
[0.267s] Level 5:colcon.colcon_core.verb:set package 'micro_ros_setup' build argument 'cmake_clean_cache' from command line to 'False'
[0.267s] Level 5:colcon.colcon_core.verb:set package 'micro_ros_setup' build argument 'cmake_clean_first' from command line to 'False'
[0.267s] Level 5:colcon.colcon_core.verb:set package 'micro_ros_setup' build argument 'cmake_force_configure' from command line to 'False'
[0.267s] Level 5:colcon.colcon_core.verb:set package 'micro_ros_setup' build argument 'ament_cmake_args' from command line to 'None'
[0.267s] Level 5:colcon.colcon_core.verb:set package 'micro_ros_setup' build argument 'catkin_cmake_args' from command line to 'None'
[0.267s] Level 5:colcon.colcon_core.verb:set package 'micro_ros_setup' build argument 'catkin_skip_building_tests' from command line to 'False'
[0.267s] DEBUG:colcon.colcon_core.verb:Building package 'micro_ros_setup' with the following arguments: {'ament_cmake_args': None, 'build_base': '/home/eco-bdh/work_eco/SW/motors/bldc/bldc-control/ESP32/micro-ros/build/micro_ros_setup', 'catkin_cmake_args': None, 'catkin_skip_building_tests': False, 'cmake_args': None, 'cmake_clean_cache': False, 'cmake_clean_first': False, 'cmake_force_configure': False, 'cmake_target': None, 'cmake_target_skip_unavailable': False, 'install_base': '/home/eco-bdh/work_eco/SW/motors/bldc/bldc-control/ESP32/micro-ros/install/micro_ros_setup', 'merge_install': False, 'path': '/home/eco-bdh/work_eco/SW/motors/bldc/bldc-control/ESP32/micro-ros/src/micro_ros_setup', 'symlink_install': False, 'test_result_base': None}
[0.267s] INFO:colcon.colcon_core.executor:Executing jobs using 'parallel' executor
[0.268s] DEBUG:colcon.colcon_parallel_executor.executor.parallel:run_until_complete
[0.268s] INFO:colcon.colcon_ros.task.catkin.build:Building ROS package in '/home/eco-bdh/work_eco/SW/motors/bldc/bldc-control/ESP32/micro-ros/micro_ros_espidf_component' with build type 'catkin'
[0.268s] INFO:colcon.colcon_cmake.task.cmake.build:Building CMake package in '/home/eco-bdh/work_eco/SW/motors/bldc/bldc-control/ESP32/micro-ros/micro_ros_espidf_component'
[0.270s] INFO:colcon.colcon_core.plugin_system:Skipping extension 'colcon_core.shell.bat': Not used on non-Windows systems
[0.270s] INFO:colcon.colcon_core.shell:Skip shell extension 'powershell' for command environment: Not usable outside of PowerShell
[0.270s] DEBUG:colcon.colcon_core.shell:Skip shell extension 'dsv' for command environment
[0.272s] INFO:colcon.colcon_ros.task.ament_cmake.build:Building ROS package in '/home/eco-bdh/work_eco/SW/motors/bldc/bldc-control/ESP32/micro-ros/src/micro_ros_setup' with build type 'ament_cmake'
[0.272s] INFO:colcon.colcon_cmake.task.cmake.build:Building CMake package in '/home/eco-bdh/work_eco/SW/motors/bldc/bldc-control/ESP32/micro-ros/src/micro_ros_setup'
[0.272s] INFO:colcon.colcon_core.shell:Skip shell extension 'powershell' for command environment: Not usable outside of PowerShell
[0.272s] DEBUG:colcon.colcon_core.shell:Skip shell extension 'dsv' for command environment
[0.277s] DEBUG:colcon.colcon_core.event_handler.log_command:Invoking command in '/home/eco-bdh/work_eco/SW/motors/bldc/bldc-control/ESP32/micro-ros/build/micro_ros_espidf': /usr/bin/cmake /home/eco-bdh/work_eco/SW/motors/bldc/bldc-control/ESP32/micro-ros/micro_ros_espidf_component -DCATKIN_INSTALL_INTO_PREFIX_ROOT=0 -DCMAKE_INSTALL_PREFIX=/home/eco-bdh/work_eco/SW/motors/bldc/bldc-control/ESP32/micro-ros/install/micro_ros_espidf
[0.279s] DEBUG:colcon.colcon_core.event_handler.log_command:Invoking command in '/home/eco-bdh/work_eco/SW/motors/bldc/bldc-control/ESP32/micro-ros/build/micro_ros_setup': CMAKE_PREFIX_PATH=/opt/ros/humble /usr/bin/cmake /home/eco-bdh/work_eco/SW/motors/bldc/bldc-control/ESP32/micro-ros/src/micro_ros_setup -DCMAKE_INSTALL_PREFIX=/home/eco-bdh/work_eco/SW/motors/bldc/bldc-control/ESP32/micro-ros/install/micro_ros_setup
[0.281s] DEBUG:colcon.colcon_core.event_handler.log_command:Invoked command in '/home/eco-bdh/work_eco/SW/motors/bldc/bldc-control/ESP32/micro-ros/build/micro_ros_setup' returned '1': CMAKE_PREFIX_PATH=/opt/ros/humble /usr/bin/cmake /home/eco-bdh/work_eco/SW/motors/bldc/bldc-control/ESP32/micro-ros/src/micro_ros_setup -DCMAKE_INSTALL_PREFIX=/home/eco-bdh/work_eco/SW/motors/bldc/bldc-control/ESP32/micro-ros/install/micro_ros_setup
[0.284s] DEBUG:colcon.colcon_core.event_handler.log_command:Invoked command in '/home/eco-bdh/work_eco/SW/motors/bldc/bldc-control/ESP32/micro-ros/build/micro_ros_espidf' returned '1': /usr/bin/cmake /home/eco-bdh/work_eco/SW/motors/bldc/bldc-control/ESP32/micro-ros/micro_ros_espidf_component -DCATKIN_INSTALL_INTO_PREFIX_ROOT=0 -DCMAKE_INSTALL_PREFIX=/home/eco-bdh/work_eco/SW/motors/bldc/bldc-control/ESP32/micro-ros/install/micro_ros_espidf
[0.286s] Level 1:colcon.colcon_core.environment:create_environment_scripts_only(micro_ros_setup)
[0.288s] Level 1:colcon.colcon_core.environment:checking '/home/eco-bdh/work_eco/SW/motors/bldc/bldc-control/ESP32/micro-ros/install/micro_ros_setup' for CMake module files
[0.288s] Level 1:colcon.colcon_core.environment:checking '/home/eco-bdh/work_eco/SW/motors/bldc/bldc-control/ESP32/micro-ros/install/micro_ros_setup' for CMake config files
[0.288s] Level 1:colcon.colcon_core.environment:checking '/home/eco-bdh/work_eco/SW/motors/bldc/bldc-control/ESP32/micro-ros/install/micro_ros_setup/bin'
[0.288s] Level 1:colcon.colcon_core.environment:checking '/home/eco-bdh/work_eco/SW/motors/bldc/bldc-control/ESP32/micro-ros/install/micro_ros_setup/lib/pkgconfig/micro_ros_setup.pc'
[0.288s] Level 1:colcon.colcon_core.environment:checking '/home/eco-bdh/work_eco/SW/motors/bldc/bldc-control/ESP32/micro-ros/install/micro_ros_setup/lib/python3.10/site-packages'
[0.288s] Level 1:colcon.colcon_core.environment:checking '/home/eco-bdh/work_eco/SW/motors/bldc/bldc-control/ESP32/micro-ros/install/micro_ros_setup/bin'
[0.288s] INFO:colcon.colcon_core.shell:Creating package script '/home/eco-bdh/work_eco/SW/motors/bldc/bldc-control/ESP32/micro-ros/install/micro_ros_setup/share/micro_ros_setup/package.ps1'
[0.289s] INFO:colcon.colcon_core.shell:Creating package descriptor '/home/eco-bdh/work_eco/SW/motors/bldc/bldc-control/ESP32/micro-ros/install/micro_ros_setup/share/micro_ros_setup/package.dsv'
[0.289s] INFO:colcon.colcon_core.shell:Creating package script '/home/eco-bdh/work_eco/SW/motors/bldc/bldc-control/ESP32/micro-ros/install/micro_ros_setup/share/micro_ros_setup/package.sh'
[0.290s] INFO:colcon.colcon_core.shell:Creating package script '/home/eco-bdh/work_eco/SW/motors/bldc/bldc-control/ESP32/micro-ros/install/micro_ros_setup/share/micro_ros_setup/package.bash'
[0.290s] INFO:colcon.colcon_core.shell:Creating package script '/home/eco-bdh/work_eco/SW/motors/bldc/bldc-control/ESP32/micro-ros/install/micro_ros_setup/share/micro_ros_setup/package.zsh'
[0.291s] Level 1:colcon.colcon_core.environment:create_file_with_runtime_dependencies(/home/eco-bdh/work_eco/SW/motors/bldc/bldc-control/ESP32/micro-ros/install/micro_ros_setup/share/colcon-core/packages/micro_ros_setup)
[0.301s] DEBUG:colcon.colcon_parallel_executor.executor.parallel:closing loop
[0.302s] DEBUG:colcon.colcon_parallel_executor.executor.parallel:loop closed
[0.302s] DEBUG:colcon.colcon_parallel_executor.executor.parallel:run_until_complete finished with '1'
[0.302s] DEBUG:colcon.colcon_core.event_reactor:joining thread
[0.305s] INFO:colcon.colcon_core.plugin_system:Skipping extension 'colcon_notification.desktop_notification.terminal_notifier': Not used on non-Darwin systems
[0.306s] INFO:colcon.colcon_core.plugin_system:Skipping extension 'colcon_notification.desktop_notification.win32': Not used on non-Windows systems
[0.306s] INFO:colcon.colcon_notification.desktop_notification:Sending desktop notification using 'notify2'
[0.313s] DEBUG:colcon.colcon_core.event_reactor:joined thread
[0.313s] INFO:colcon.colcon_core.shell:Creating prefix script '/home/eco-bdh/work_eco/SW/motors/bldc/bldc-control/ESP32/micro-ros/install/local_setup.ps1'
[0.314s] INFO:colcon.colcon_core.shell:Creating prefix util module '/home/eco-bdh/work_eco/SW/motors/bldc/bldc-control/ESP32/micro-ros/install/_local_setup_util_ps1.py'
[0.315s] INFO:colcon.colcon_core.shell:Creating prefix chain script '/home/eco-bdh/work_eco/SW/motors/bldc/bldc-control/ESP32/micro-ros/install/setup.ps1'
[0.316s] INFO:colcon.colcon_core.shell:Creating prefix script '/home/eco-bdh/work_eco/SW/motors/bldc/bldc-control/ESP32/micro-ros/install/local_setup.sh'
[0.316s] INFO:colcon.colcon_core.shell:Creating prefix util module '/home/eco-bdh/work_eco/SW/motors/bldc/bldc-control/ESP32/micro-ros/install/_local_setup_util_sh.py'
[0.316s] INFO:colcon.colcon_core.shell:Creating prefix chain script '/home/eco-bdh/work_eco/SW/motors/bldc/bldc-control/ESP32/micro-ros/install/setup.sh'
[0.317s] INFO:colcon.colcon_core.shell:Creating prefix script '/home/eco-bdh/work_eco/SW/motors/bldc/bldc-control/ESP32/micro-ros/install/local_setup.bash'
[0.318s] INFO:colcon.colcon_core.shell:Creating prefix chain script '/home/eco-bdh/work_eco/SW/motors/bldc/bldc-control/ESP32/micro-ros/install/setup.bash'
[0.318s] INFO:colcon.colcon_core.shell:Creating prefix script '/home/eco-bdh/work_eco/SW/motors/bldc/bldc-control/ESP32/micro-ros/install/local_setup.zsh'
[0.318s] INFO:colcon.colcon_core.shell:Creating prefix chain script '/home/eco-bdh/work_eco/SW/motors/bldc/bldc-control/ESP32/micro-ros/install/setup.zsh'
