[0.009s] Invoking command in '/home/eco-bdh/work_eco/SW/motors/bldc/bldc-control/ESP32/micro-ros/build/micro_ros_espidf': /usr/bin/cmake /home/eco-bdh/work_eco/SW/motors/bldc/bldc-control/ESP32/micro-ros/micro_ros_espidf_component -DCATKIN_INSTALL_INTO_PREFIX_ROOT=0 -DCMAKE_INSTALL_PREFIX=/home/eco-bdh/work_eco/SW/motors/bldc/bldc-control/ESP32/micro-ros/install/micro_ros_espidf
[0.015s] [33mCMake Warning (dev) in CMakeLists.txt:
[0.015s]   No project() command is present.  The top-level CMakeLists.txt file must
[0.015s]   contain a literal, direct call to the project() command.  Add a line of
[0.016s]   code such as
[0.016s] 
[0.016s]     project(ProjectName)
[0.016s] 
[0.016s]   near the top of the file, but after cmake_minimum_required().
[0.016s] 
[0.016s]   CMake is pretending there is a "project(Project)" command on the first
[0.016s]   line.
[0.016s] This warning is for project developers.  Use -Wno-dev to suppress it.
[0.016s] [0m
[0.094s] -- The C compiler identification is GNU 11.4.0
[0.161s] -- The CXX compiler identification is GNU 11.4.0
[0.171s] -- Detecting C compiler ABI info
[0.218s] -- Detecting C compiler ABI info - done
[0.224s] -- Check for working C compiler: /usr/bin/cc - skipped
[0.224s] -- Detecting C compile features
[0.225s] -- Detecting C compile features - done
[0.227s] -- Detecting CXX compiler ABI info
[0.281s] -- Detecting CXX compiler ABI info - done
[0.291s] -- Check for working CXX compiler: /usr/bin/c++ - skipped
[0.292s] -- Detecting CXX compile features
[0.292s] -- Detecting CXX compile features - done
[0.293s] [31mCMake Error at CMakeLists.txt:14 (idf_component_register):
[0.293s]   Unknown CMake command "idf_component_register".
[0.293s] 
[0.293s] [0m
[0.293s] [33mCMake Warning (dev) in CMakeLists.txt:
[0.293s]   No cmake_minimum_required command is present.  A line of code such as
[0.293s] 
[0.293s]     cmake_minimum_required(VERSION 3.25)
[0.293s] 
[0.293s]   should be added at the top of the file.  The version specified may be lower
[0.293s]   if you wish to support older CMake versions for this project.  For more
[0.293s]   information run "cmake --help-policy CMP0000".
[0.293s] This warning is for project developers.  Use -Wno-dev to suppress it.
[0.293s] [0m
[0.294s] -- Configuring incomplete, errors occurred!
[0.294s] See also "/home/eco-bdh/work_eco/SW/motors/bldc/bldc-control/ESP32/micro-ros/build/micro_ros_espidf/CMakeFiles/CMakeOutput.log".
[0.297s] Invoked command in '/home/eco-bdh/work_eco/SW/motors/bldc/bldc-control/ESP32/micro-ros/build/micro_ros_espidf' returned '1': /usr/bin/cmake /home/eco-bdh/work_eco/SW/motors/bldc/bldc-control/ESP32/micro-ros/micro_ros_espidf_component -DCATKIN_INSTALL_INTO_PREFIX_ROOT=0 -DCMAKE_INSTALL_PREFIX=/home/eco-bdh/work_eco/SW/motors/bldc/bldc-control/ESP32/micro-ros/install/micro_ros_espidf
