-- The C compiler identification is GNU 11.4.0
-- The CXX compiler identification is GNU 11.4.0
-- Detecting C compiler ABI info
-- Detecting C compiler ABI info - done
-- Check for working C compiler: /usr/bin/cc - skipped
-- Detecting C compile features
-- Detecting C compile features - done
-- Detecting CXX compiler ABI info
-- Detecting CXX compiler ABI info - done
-- Check for working CXX compiler: /usr/bin/c++ - skipped
-- Detecting CXX compile features
-- Detecting CXX compile features - done
-- Found ament_cmake: 1.3.10 (/opt/ros/humble/share/ament_cmake/cmake)
-- Found Python3: /usr/bin/python3 (found version "3.10.12") found components: Interpreter 
-- Found ament_lint_auto: 0.12.11 (/opt/ros/humble/share/ament_lint_auto/cmake)
usage: package_xml_2_cmake.py [-h] package_xml [outfile]
package_xml_2_cmake.py: error: argument package_xml: can't open '/home/eco-bdh/work_eco/SW/motors/bldc/bldc-control/ESP32/micro-ros/src/micro_ros_setup]/package.xml;/home/eco-bdh/work_eco/SW/motors/bldc/bldc-control/ESP32/micro-ros/build/micro_ros_setup/ament_cmake_core/package.cmake': [Errno 2] No such file or directory: '/home/eco-bdh/work_eco/SW/motors/bldc/bldc-control/ESP32/micro-ros/src/micro_ros_setup]/package.xml;/home/eco-bdh/work_eco/SW/motors/bldc/bldc-control/ESP32/micro-ros/build/micro_ros_setup/ament_cmake_core/package.cmake'
[31mCMake Error at /opt/ros/humble/share/ament_cmake_core/cmake/core/ament_package_xml.cmake:95 (message):
  execute_process(/usr/bin/python3
  /opt/ros/humble/share/ament_cmake_core/cmake/core/package_xml_2_cmake.py
  /home/eco-bdh/work_eco/SW/motors/bldc/bldc-control/ESP32/micro-ros/src/micro_ros_setup]/package.xml
  /home/eco-bdh/work_eco/SW/motors/bldc/bldc-control/ESP32/micro-ros/build/micro_ros_setup/ament_cmake_core/package.cmake)
  returned error code 2
Call Stack (most recent call first):
  /opt/ros/humble/share/ament_cmake_core/cmake/core/ament_package_xml.cmake:49 (_ament_package_xml)
  /opt/ros/humble/share/ament_lint_auto/cmake/ament_lint_auto_find_test_dependencies.cmake:31 (ament_package_xml)
  CMakeLists.txt:32 (ament_lint_auto_find_test_dependencies)

[0m
-- Configuring incomplete, errors occurred!
See also "/home/eco-bdh/work_eco/SW/motors/bldc/bldc-control/ESP32/micro-ros/build/micro_ros_setup/CMakeFiles/CMakeOutput.log".
