[0.007s] Invoking command in '/home/eco-bdh/work_eco/SW/motors/bldc/bldc-control/ESP32/micro-ros/build/micro_ros_setup': CMAKE_PREFIX_PATH=/opt/ros/humble /usr/bin/cmake /home/eco-bdh/work_eco/SW/motors/bldc/bldc-control/ESP32/micro-ros/src/micro_ros_setup] -DCMAKE_INSTALL_PREFIX=/home/eco-bdh/work_eco/SW/motors/bldc/bldc-control/ESP32/micro-ros/install/micro_ros_setup
[0.086s] -- The C compiler identification is GNU 11.4.0
[0.155s] -- The CXX compiler identification is GNU 11.4.0
[0.164s] -- Detecting C compiler ABI info
[0.212s] -- Detecting C compiler ABI info - done
[0.217s] -- Check for working C compiler: /usr/bin/cc - skipped
[0.217s] -- Detecting C compile features
[0.218s] -- Detecting C compile features - done
[0.220s] -- Detecting CXX compiler ABI info
[0.275s] -- Detecting CXX compiler ABI info - done
[0.280s] -- Check for working CXX compiler: /usr/bin/c++ - skipped
[0.280s] -- Detecting CXX compile features
[0.281s] -- Detecting CXX compile features - done
[0.285s] -- Found ament_cmake: 1.3.10 (/opt/ros/humble/share/ament_cmake/cmake)
[0.374s] -- Found Python3: /usr/bin/python3 (found version "3.10.12") found components: Interpreter 
[0.471s] -- Found ament_lint_auto: 0.12.11 (/opt/ros/humble/share/ament_lint_auto/cmake)
[0.508s] usage: package_xml_2_cmake.py [-h] package_xml [outfile]
[0.508s] package_xml_2_cmake.py: error: argument package_xml: can't open '/home/eco-bdh/work_eco/SW/motors/bldc/bldc-control/ESP32/micro-ros/src/micro_ros_setup]/package.xml;/home/eco-bdh/work_eco/SW/motors/bldc/bldc-control/ESP32/micro-ros/build/micro_ros_setup/ament_cmake_core/package.cmake': [Errno 2] No such file or directory: '/home/eco-bdh/work_eco/SW/motors/bldc/bldc-control/ESP32/micro-ros/src/micro_ros_setup]/package.xml;/home/eco-bdh/work_eco/SW/motors/bldc/bldc-control/ESP32/micro-ros/build/micro_ros_setup/ament_cmake_core/package.cmake'
[0.514s] [31mCMake Error at /opt/ros/humble/share/ament_cmake_core/cmake/core/ament_package_xml.cmake:95 (message):
[0.514s]   execute_process(/usr/bin/python3
[0.514s]   /opt/ros/humble/share/ament_cmake_core/cmake/core/package_xml_2_cmake.py
[0.514s]   /home/eco-bdh/work_eco/SW/motors/bldc/bldc-control/ESP32/micro-ros/src/micro_ros_setup]/package.xml
[0.514s]   /home/eco-bdh/work_eco/SW/motors/bldc/bldc-control/ESP32/micro-ros/build/micro_ros_setup/ament_cmake_core/package.cmake)
[0.514s]   returned error code 2
[0.514s] Call Stack (most recent call first):
[0.514s]   /opt/ros/humble/share/ament_cmake_core/cmake/core/ament_package_xml.cmake:49 (_ament_package_xml)
[0.514s]   /opt/ros/humble/share/ament_lint_auto/cmake/ament_lint_auto_find_test_dependencies.cmake:31 (ament_package_xml)
[0.514s]   CMakeLists.txt:32 (ament_lint_auto_find_test_dependencies)
[0.515s] 
[0.515s] [0m
[0.515s] -- Configuring incomplete, errors occurred!
[0.515s] See also "/home/eco-bdh/work_eco/SW/motors/bldc/bldc-control/ESP32/micro-ros/build/micro_ros_setup/CMakeFiles/CMakeOutput.log".
