[0.008s] Invoking command in '/home/eco-bdh/work_eco/SW/bldc-control/ESP32/micro-ros/build/micro_ros_msgs': CMAKE_PREFIX_PATH=${CMAKE_PREFIX_PATH}:/opt/ros/humble /usr/bin/cmake /home/eco-bdh/work_eco/SW/bldc-control/ESP32/micro-ros/src/uros/micro_ros_msgs -DUAGENT_BUILD_EXECUTABLE=OFF -DUAGENT_P2P_PROFILE=OFF --no-warn-unused-cli -DCMAKE_INSTALL_PREFIX=/home/eco-bdh/work_eco/SW/bldc-control/ESP32/micro-ros/install/micro_ros_msgs
[0.009s] Not searching for unused variables given on the command line.
[0.042s] -- The C compiler identification is GNU 11.4.0
[0.082s] -- The CXX compiler identification is GNU 11.4.0
[0.089s] -- Detecting C compiler ABI info
[0.131s] -- Detecting C compiler ABI info - done
[0.136s] -- Check for working C compiler: /usr/bin/cc - skipped
[0.137s] -- Detecting C compile features
[0.137s] -- Detecting C compile features - done
[0.139s] -- Detecting CXX compiler ABI info
[0.188s] -- Detecting CXX compiler ABI info - done
[0.193s] -- Check for working CXX compiler: /usr/bin/c++ - skipped
[0.193s] -- Detecting CXX compile features
[0.194s] -- Detecting CXX compile features - done
[0.195s] -- Found ament_cmake: 1.3.10 (/opt/ros/humble/share/ament_cmake/cmake)
[0.277s] -- Found Python3: /usr/bin/python3 (found version "3.10.12") found components: Interpreter 
[0.337s] -- Found rosidl_default_generators: 1.2.0 (/opt/ros/humble/share/rosidl_default_generators/cmake)
[0.340s] -- Using all available rosidl_typesupport_c: rosidl_typesupport_fastrtps_c;rosidl_typesupport_introspection_c
[0.346s] -- Found rosidl_adapter: 3.1.5 (/opt/ros/humble/share/rosidl_adapter/cmake)
[0.405s] -- Using all available rosidl_typesupport_cpp: rosidl_typesupport_fastrtps_cpp;rosidl_typesupport_introspection_cpp
[0.458s] -- Found ament_lint_auto: 0.12.11 (/opt/ros/humble/share/ament_lint_auto/cmake)
[0.599s] -- Found ament_cmake_ros: 0.10.0 (/opt/ros/humble/share/ament_cmake_ros/cmake)
[0.665s] -- Using all available rosidl_typesupport_c: rosidl_typesupport_fastrtps_c;rosidl_typesupport_introspection_c
[0.742s] -- Using all available rosidl_typesupport_cpp: rosidl_typesupport_fastrtps_cpp;rosidl_typesupport_introspection_cpp
[0.759s] -- Found PythonInterp: /usr/bin/python3 (found suitable version "3.10.12", minimum required is "3.6") 
[0.760s] -- Found python_cmake_module: 0.10.0 (/opt/ros/humble/share/python_cmake_module/cmake)
[0.780s] -- Found PythonLibs: /usr/lib/x86_64-linux-gnu/libpython3.10.so (found suitable version "3.10.12", minimum required is "3.5") 
[0.780s] -- Using PYTHON_EXECUTABLE: /usr/bin/python3
[0.780s] -- Using PYTHON_INCLUDE_DIRS: /usr/include/python3.10
[0.780s] -- Using PYTHON_LIBRARIES: /usr/lib/x86_64-linux-gnu/libpython3.10.so
[0.794s] -- Found PythonExtra: .so  
[0.819s] -- Added test 'copyright' to check source files copyright and LICENSE
[0.827s] -- Added test 'lint_cmake' to check CMake code style
[0.831s] -- Added test 'xmllint' to check XML markup files
[0.836s] -- Configuring done
[0.862s] -- Generating done
[0.864s] -- Build files have been written to: /home/eco-bdh/work_eco/SW/bldc-control/ESP32/micro-ros/build/micro_ros_msgs
[0.869s] Invoked command in '/home/eco-bdh/work_eco/SW/bldc-control/ESP32/micro-ros/build/micro_ros_msgs' returned '0': CMAKE_PREFIX_PATH=${CMAKE_PREFIX_PATH}:/opt/ros/humble /usr/bin/cmake /home/eco-bdh/work_eco/SW/bldc-control/ESP32/micro-ros/src/uros/micro_ros_msgs -DUAGENT_BUILD_EXECUTABLE=OFF -DUAGENT_P2P_PROFILE=OFF --no-warn-unused-cli -DCMAKE_INSTALL_PREFIX=/home/eco-bdh/work_eco/SW/bldc-control/ESP32/micro-ros/install/micro_ros_msgs
[0.871s] Invoking command in '/home/eco-bdh/work_eco/SW/bldc-control/ESP32/micro-ros/build/micro_ros_msgs': CMAKE_PREFIX_PATH=${CMAKE_PREFIX_PATH}:/opt/ros/humble /usr/bin/cmake --build /home/eco-bdh/work_eco/SW/bldc-control/ESP32/micro-ros/build/micro_ros_msgs -- -j12 -l12
[0.886s] [  2%] [34m[1mGenerating C code for ROS interfaces[0m
[0.890s] [  4%] [34m[1mGenerating C++ code for ROS interfaces[0m
[0.893s] [  4%] Built target ament_cmake_python_copy_micro_ros_msgs
[1.068s] running egg_info
[1.069s] creating micro_ros_msgs.egg-info
[1.069s] writing micro_ros_msgs.egg-info/PKG-INFO
[1.069s] writing dependency_links to micro_ros_msgs.egg-info/dependency_links.txt
[1.069s] writing top-level names to micro_ros_msgs.egg-info/top_level.txt
[1.069s] writing manifest file 'micro_ros_msgs.egg-info/SOURCES.txt'
[1.071s] reading manifest file 'micro_ros_msgs.egg-info/SOURCES.txt'
[1.071s] writing manifest file 'micro_ros_msgs.egg-info/SOURCES.txt'
[1.086s] [  4%] Built target ament_cmake_python_build_micro_ros_msgs_egg
[1.118s] [  4%] Built target micro_ros_msgs__cpp
[1.122s] [ 10%] [34m[1mGenerating C++ introspection for ROS interfaces[0m
[1.122s] [ 10%] [34m[1mGenerating C++ type support dispatch for ROS interfaces[0m
[1.122s] [ 10%] [34m[1mGenerating C++ type support for eProsima Fast-RTPS[0m
[1.136s] [ 14%] [32mBuilding C object CMakeFiles/micro_ros_msgs__rosidl_generator_c.dir/rosidl_generator_c/micro_ros_msgs/msg/detail/node__functions.c.o[0m
[1.136s] [ 14%] [32mBuilding C object CMakeFiles/micro_ros_msgs__rosidl_generator_c.dir/rosidl_generator_c/micro_ros_msgs/msg/detail/graph__functions.c.o[0m
[1.137s] [ 17%] [32mBuilding C object CMakeFiles/micro_ros_msgs__rosidl_generator_c.dir/rosidl_generator_c/micro_ros_msgs/msg/detail/entity__functions.c.o[0m
[1.176s] [ 19%] [32m[1mLinking C shared library libmicro_ros_msgs__rosidl_generator_c.so[0m
[1.196s] [ 19%] Built target micro_ros_msgs__rosidl_generator_c
[1.200s] [ 23%] [34m[1mGenerating C type support for eProsima Fast-RTPS[0m
[1.200s] [ 23%] [34m[1mGenerating C introspection for ROS interfaces[0m
[1.200s] [ 25%] [34m[1mGenerating C type support dispatch for ROS interfaces[0m
[1.311s] [ 27%] [32mBuilding CXX object CMakeFiles/micro_ros_msgs__rosidl_typesupport_cpp.dir/rosidl_typesupport_cpp/micro_ros_msgs/msg/graph__type_support.cpp.o[0m
[1.312s] [ 29%] [32mBuilding CXX object CMakeFiles/micro_ros_msgs__rosidl_typesupport_cpp.dir/rosidl_typesupport_cpp/micro_ros_msgs/msg/node__type_support.cpp.o[0m
[1.312s] [ 31%] [32mBuilding CXX object CMakeFiles/micro_ros_msgs__rosidl_typesupport_cpp.dir/rosidl_typesupport_cpp/micro_ros_msgs/msg/entity__type_support.cpp.o[0m
[1.334s] [ 34%] [32mBuilding CXX object CMakeFiles/micro_ros_msgs__rosidl_typesupport_introspection_cpp.dir/rosidl_typesupport_introspection_cpp/micro_ros_msgs/msg/detail/node__type_support.cpp.o[0m
[1.334s] [ 36%] [32mBuilding CXX object CMakeFiles/micro_ros_msgs__rosidl_typesupport_introspection_cpp.dir/rosidl_typesupport_introspection_cpp/micro_ros_msgs/msg/detail/graph__type_support.cpp.o[0m
[1.334s] [ 38%] [32mBuilding CXX object CMakeFiles/micro_ros_msgs__rosidl_typesupport_introspection_cpp.dir/rosidl_typesupport_introspection_cpp/micro_ros_msgs/msg/detail/entity__type_support.cpp.o[0m
[1.359s] [ 42%] [32mBuilding CXX object CMakeFiles/micro_ros_msgs__rosidl_typesupport_fastrtps_cpp.dir/rosidl_typesupport_fastrtps_cpp/micro_ros_msgs/msg/detail/dds_fastrtps/graph__type_support.cpp.o[0m
[1.359s] [ 42%] [32mBuilding CXX object CMakeFiles/micro_ros_msgs__rosidl_typesupport_fastrtps_cpp.dir/rosidl_typesupport_fastrtps_cpp/micro_ros_msgs/msg/detail/dds_fastrtps/node__type_support.cpp.o[0m
[1.359s] [ 44%] [32mBuilding CXX object CMakeFiles/micro_ros_msgs__rosidl_typesupport_fastrtps_cpp.dir/rosidl_typesupport_fastrtps_cpp/micro_ros_msgs/msg/detail/dds_fastrtps/entity__type_support.cpp.o[0m
[1.437s] [ 46%] [32mBuilding CXX object CMakeFiles/micro_ros_msgs__rosidl_typesupport_c.dir/rosidl_typesupport_c/micro_ros_msgs/msg/graph__type_support.cpp.o[0m
[1.469s] [ 48%] [32mBuilding CXX object CMakeFiles/micro_ros_msgs__rosidl_typesupport_c.dir/rosidl_typesupport_c/micro_ros_msgs/msg/node__type_support.cpp.o[0m
[1.495s] [ 51%] [32mBuilding C object CMakeFiles/micro_ros_msgs__rosidl_typesupport_introspection_c.dir/rosidl_typesupport_introspection_c/micro_ros_msgs/msg/detail/graph__type_support.c.o[0m
[1.501s] [ 53%] [32mBuilding CXX object CMakeFiles/micro_ros_msgs__rosidl_typesupport_c.dir/rosidl_typesupport_c/micro_ros_msgs/msg/entity__type_support.cpp.o[0m
[1.507s] [ 55%] [32mBuilding CXX object CMakeFiles/micro_ros_msgs__rosidl_typesupport_fastrtps_c.dir/rosidl_typesupport_fastrtps_c/micro_ros_msgs/msg/detail/graph__type_support_c.cpp.o[0m
[1.537s] [ 59%] [32m[1mLinking CXX shared library libmicro_ros_msgs__rosidl_typesupport_c.so[0m
[1.538s] [ 59%] [32mBuilding C object CMakeFiles/micro_ros_msgs__rosidl_typesupport_introspection_c.dir/rosidl_typesupport_introspection_c/micro_ros_msgs/msg/detail/node__type_support.c.o[0m
[1.571s] [ 61%] [32mBuilding C object CMakeFiles/micro_ros_msgs__rosidl_typesupport_introspection_c.dir/rosidl_typesupport_introspection_c/micro_ros_msgs/msg/detail/entity__type_support.c.o[0m
[1.575s] [ 61%] Built target micro_ros_msgs__rosidl_typesupport_c
[1.580s] [ 63%] [32mBuilding CXX object CMakeFiles/micro_ros_msgs__rosidl_typesupport_fastrtps_c.dir/rosidl_typesupport_fastrtps_c/micro_ros_msgs/msg/detail/node__type_support_c.cpp.o[0m
[1.607s] [ 65%] [32m[1mLinking C shared library libmicro_ros_msgs__rosidl_typesupport_introspection_c.so[0m
[1.612s] [ 68%] [32mBuilding CXX object CMakeFiles/micro_ros_msgs__rosidl_typesupport_fastrtps_c.dir/rosidl_typesupport_fastrtps_c/micro_ros_msgs/msg/detail/entity__type_support_c.cpp.o[0m
[1.628s] [ 68%] Built target micro_ros_msgs__rosidl_typesupport_introspection_c
[1.634s] [ 70%] [32m[1mLinking CXX shared library libmicro_ros_msgs__rosidl_typesupport_cpp.so[0m
[1.661s] [ 70%] Built target micro_ros_msgs__rosidl_typesupport_cpp
[1.851s] [ 72%] [32m[1mLinking CXX shared library libmicro_ros_msgs__rosidl_typesupport_fastrtps_cpp.so[0m
[1.885s] [ 74%] [32m[1mLinking CXX shared library libmicro_ros_msgs__rosidl_typesupport_introspection_cpp.so[0m
[1.905s] [ 74%] Built target micro_ros_msgs__rosidl_typesupport_fastrtps_cpp
[1.929s] [ 76%] [32m[1mLinking CXX shared library libmicro_ros_msgs__rosidl_typesupport_fastrtps_c.so[0m
[1.937s] [ 76%] Built target micro_ros_msgs__rosidl_typesupport_introspection_cpp
[1.972s] [ 76%] Built target micro_ros_msgs__rosidl_typesupport_fastrtps_c
[1.980s] [ 76%] Built target micro_ros_msgs
[1.988s] [ 78%] [34m[1mGenerating Python code for ROS interfaces[0m
[2.313s] [ 78%] Built target micro_ros_msgs__py
[2.321s] [ 80%] [32mBuilding C object CMakeFiles/micro_ros_msgs__rosidl_generator_py.dir/rosidl_generator_py/micro_ros_msgs/msg/_graph_s.c.o[0m
[2.321s] [ 82%] [32mBuilding C object CMakeFiles/micro_ros_msgs__rosidl_generator_py.dir/rosidl_generator_py/micro_ros_msgs/msg/_node_s.c.o[0m
[2.321s] [ 85%] [32mBuilding C object CMakeFiles/micro_ros_msgs__rosidl_generator_py.dir/rosidl_generator_py/micro_ros_msgs/msg/_entity_s.c.o[0m
[2.406s] [ 87%] [32m[1mLinking C shared library rosidl_generator_py/micro_ros_msgs/libmicro_ros_msgs__rosidl_generator_py.so[0m
[2.428s] [ 87%] Built target micro_ros_msgs__rosidl_generator_py
[2.435s] [ 91%] [32mBuilding C object CMakeFiles/micro_ros_msgs__rosidl_typesupport_fastrtps_c__pyext.dir/rosidl_generator_py/micro_ros_msgs/_micro_ros_msgs_s.ep.rosidl_typesupport_fastrtps_c.c.o[0m
[2.435s] [ 91%] [32mBuilding C object CMakeFiles/micro_ros_msgs__rosidl_typesupport_introspection_c__pyext.dir/rosidl_generator_py/micro_ros_msgs/_micro_ros_msgs_s.ep.rosidl_typesupport_introspection_c.c.o[0m
[2.436s] [ 93%] [32mBuilding C object CMakeFiles/micro_ros_msgs__rosidl_typesupport_c__pyext.dir/rosidl_generator_py/micro_ros_msgs/_micro_ros_msgs_s.ep.rosidl_typesupport_c.c.o[0m
[2.498s] [ 97%] [32m[1mLinking C shared library rosidl_generator_py/micro_ros_msgs/micro_ros_msgs_s__rosidl_typesupport_c.cpython-310-x86_64-linux-gnu.so[0m
[2.498s] [ 97%] [32m[1mLinking C shared library rosidl_generator_py/micro_ros_msgs/micro_ros_msgs_s__rosidl_typesupport_introspection_c.cpython-310-x86_64-linux-gnu.so[0m
[2.502s] [100%] [32m[1mLinking C shared library rosidl_generator_py/micro_ros_msgs/micro_ros_msgs_s__rosidl_typesupport_fastrtps_c.cpython-310-x86_64-linux-gnu.so[0m
[2.515s] [100%] Built target micro_ros_msgs__rosidl_typesupport_c__pyext
[2.515s] [100%] Built target micro_ros_msgs__rosidl_typesupport_introspection_c__pyext
[2.520s] [100%] Built target micro_ros_msgs__rosidl_typesupport_fastrtps_c__pyext
[2.525s] Invoked command in '/home/eco-bdh/work_eco/SW/bldc-control/ESP32/micro-ros/build/micro_ros_msgs' returned '0': CMAKE_PREFIX_PATH=${CMAKE_PREFIX_PATH}:/opt/ros/humble /usr/bin/cmake --build /home/eco-bdh/work_eco/SW/bldc-control/ESP32/micro-ros/build/micro_ros_msgs -- -j12 -l12
[2.600s] Invoking command in '/home/eco-bdh/work_eco/SW/bldc-control/ESP32/micro-ros/build/micro_ros_msgs': CMAKE_PREFIX_PATH=${CMAKE_PREFIX_PATH}:/opt/ros/humble /usr/bin/cmake --install /home/eco-bdh/work_eco/SW/bldc-control/ESP32/micro-ros/build/micro_ros_msgs
[2.603s] -- Install configuration: ""
[2.603s] -- Installing: /home/eco-bdh/work_eco/SW/bldc-control/ESP32/micro-ros/install/micro_ros_msgs/share/ament_index/resource_index/rosidl_interfaces/micro_ros_msgs
[2.603s] -- Installing: /home/eco-bdh/work_eco/SW/bldc-control/ESP32/micro-ros/install/micro_ros_msgs/include/micro_ros_msgs/micro_ros_msgs
[2.603s] -- Installing: /home/eco-bdh/work_eco/SW/bldc-control/ESP32/micro-ros/install/micro_ros_msgs/include/micro_ros_msgs/micro_ros_msgs/msg
[2.603s] -- Installing: /home/eco-bdh/work_eco/SW/bldc-control/ESP32/micro-ros/install/micro_ros_msgs/include/micro_ros_msgs/micro_ros_msgs/msg/graph.h
[2.604s] -- Installing: /home/eco-bdh/work_eco/SW/bldc-control/ESP32/micro-ros/install/micro_ros_msgs/include/micro_ros_msgs/micro_ros_msgs/msg/entity.h
[2.604s] -- Installing: /home/eco-bdh/work_eco/SW/bldc-control/ESP32/micro-ros/install/micro_ros_msgs/include/micro_ros_msgs/micro_ros_msgs/msg/node.h
[2.604s] -- Installing: /home/eco-bdh/work_eco/SW/bldc-control/ESP32/micro-ros/install/micro_ros_msgs/include/micro_ros_msgs/micro_ros_msgs/msg/detail
[2.604s] -- Installing: /home/eco-bdh/work_eco/SW/bldc-control/ESP32/micro-ros/install/micro_ros_msgs/include/micro_ros_msgs/micro_ros_msgs/msg/detail/entity__type_support.h
[2.604s] -- Installing: /home/eco-bdh/work_eco/SW/bldc-control/ESP32/micro-ros/install/micro_ros_msgs/include/micro_ros_msgs/micro_ros_msgs/msg/detail/node__struct.h
[2.604s] -- Installing: /home/eco-bdh/work_eco/SW/bldc-control/ESP32/micro-ros/install/micro_ros_msgs/include/micro_ros_msgs/micro_ros_msgs/msg/detail/node__functions.h
[2.604s] -- Installing: /home/eco-bdh/work_eco/SW/bldc-control/ESP32/micro-ros/install/micro_ros_msgs/include/micro_ros_msgs/micro_ros_msgs/msg/detail/node__type_support.h
[2.604s] -- Installing: /home/eco-bdh/work_eco/SW/bldc-control/ESP32/micro-ros/install/micro_ros_msgs/include/micro_ros_msgs/micro_ros_msgs/msg/detail/entity__functions.c
[2.604s] -- Installing: /home/eco-bdh/work_eco/SW/bldc-control/ESP32/micro-ros/install/micro_ros_msgs/include/micro_ros_msgs/micro_ros_msgs/msg/detail/graph__functions.h
[2.605s] -- Installing: /home/eco-bdh/work_eco/SW/bldc-control/ESP32/micro-ros/install/micro_ros_msgs/include/micro_ros_msgs/micro_ros_msgs/msg/detail/entity__struct.h
[2.605s] -- Installing: /home/eco-bdh/work_eco/SW/bldc-control/ESP32/micro-ros/install/micro_ros_msgs/include/micro_ros_msgs/micro_ros_msgs/msg/detail/node__functions.c
[2.605s] -- Installing: /home/eco-bdh/work_eco/SW/bldc-control/ESP32/micro-ros/install/micro_ros_msgs/include/micro_ros_msgs/micro_ros_msgs/msg/detail/entity__functions.h
[2.605s] -- Installing: /home/eco-bdh/work_eco/SW/bldc-control/ESP32/micro-ros/install/micro_ros_msgs/include/micro_ros_msgs/micro_ros_msgs/msg/detail/graph__struct.h
[2.605s] -- Installing: /home/eco-bdh/work_eco/SW/bldc-control/ESP32/micro-ros/install/micro_ros_msgs/include/micro_ros_msgs/micro_ros_msgs/msg/detail/graph__functions.c
[2.605s] -- Installing: /home/eco-bdh/work_eco/SW/bldc-control/ESP32/micro-ros/install/micro_ros_msgs/include/micro_ros_msgs/micro_ros_msgs/msg/detail/graph__type_support.h
[2.605s] -- Installing: /home/eco-bdh/work_eco/SW/bldc-control/ESP32/micro-ros/install/micro_ros_msgs/include/micro_ros_msgs/micro_ros_msgs/msg/rosidl_generator_c__visibility_control.h
[2.606s] -- Installing: /home/eco-bdh/work_eco/SW/bldc-control/ESP32/micro-ros/install/micro_ros_msgs/share/micro_ros_msgs/environment/library_path.sh
[2.606s] -- Installing: /home/eco-bdh/work_eco/SW/bldc-control/ESP32/micro-ros/install/micro_ros_msgs/share/micro_ros_msgs/environment/library_path.dsv
[2.606s] -- Installing: /home/eco-bdh/work_eco/SW/bldc-control/ESP32/micro-ros/install/micro_ros_msgs/lib/libmicro_ros_msgs__rosidl_generator_c.so
[2.606s] -- Set runtime path of "/home/eco-bdh/work_eco/SW/bldc-control/ESP32/micro-ros/install/micro_ros_msgs/lib/libmicro_ros_msgs__rosidl_generator_c.so" to ""
[2.606s] -- Up-to-date: /home/eco-bdh/work_eco/SW/bldc-control/ESP32/micro-ros/install/micro_ros_msgs/include/micro_ros_msgs/micro_ros_msgs
[2.606s] -- Up-to-date: /home/eco-bdh/work_eco/SW/bldc-control/ESP32/micro-ros/install/micro_ros_msgs/include/micro_ros_msgs/micro_ros_msgs/msg
[2.606s] -- Installing: /home/eco-bdh/work_eco/SW/bldc-control/ESP32/micro-ros/install/micro_ros_msgs/include/micro_ros_msgs/micro_ros_msgs/msg/rosidl_typesupport_fastrtps_c__visibility_control.h
[2.606s] -- Up-to-date: /home/eco-bdh/work_eco/SW/bldc-control/ESP32/micro-ros/install/micro_ros_msgs/include/micro_ros_msgs/micro_ros_msgs/msg/detail
[2.607s] -- Installing: /home/eco-bdh/work_eco/SW/bldc-control/ESP32/micro-ros/install/micro_ros_msgs/include/micro_ros_msgs/micro_ros_msgs/msg/detail/entity__rosidl_typesupport_fastrtps_c.h
[2.607s] -- Installing: /home/eco-bdh/work_eco/SW/bldc-control/ESP32/micro-ros/install/micro_ros_msgs/include/micro_ros_msgs/micro_ros_msgs/msg/detail/graph__rosidl_typesupport_fastrtps_c.h
[2.607s] -- Installing: /home/eco-bdh/work_eco/SW/bldc-control/ESP32/micro-ros/install/micro_ros_msgs/include/micro_ros_msgs/micro_ros_msgs/msg/detail/node__rosidl_typesupport_fastrtps_c.h
[2.607s] -- Installing: /home/eco-bdh/work_eco/SW/bldc-control/ESP32/micro-ros/install/micro_ros_msgs/lib/libmicro_ros_msgs__rosidl_typesupport_fastrtps_c.so
[2.607s] -- Set runtime path of "/home/eco-bdh/work_eco/SW/bldc-control/ESP32/micro-ros/install/micro_ros_msgs/lib/libmicro_ros_msgs__rosidl_typesupport_fastrtps_c.so" to ""
[2.607s] -- Up-to-date: /home/eco-bdh/work_eco/SW/bldc-control/ESP32/micro-ros/install/micro_ros_msgs/include/micro_ros_msgs/micro_ros_msgs
[2.607s] -- Up-to-date: /home/eco-bdh/work_eco/SW/bldc-control/ESP32/micro-ros/install/micro_ros_msgs/include/micro_ros_msgs/micro_ros_msgs/msg
[2.607s] -- Up-to-date: /home/eco-bdh/work_eco/SW/bldc-control/ESP32/micro-ros/install/micro_ros_msgs/include/micro_ros_msgs/micro_ros_msgs/msg/detail
[2.607s] -- Installing: /home/eco-bdh/work_eco/SW/bldc-control/ESP32/micro-ros/install/micro_ros_msgs/include/micro_ros_msgs/micro_ros_msgs/msg/detail/graph__type_support.c
[2.608s] -- Installing: /home/eco-bdh/work_eco/SW/bldc-control/ESP32/micro-ros/install/micro_ros_msgs/include/micro_ros_msgs/micro_ros_msgs/msg/detail/node__type_support.c
[2.608s] -- Installing: /home/eco-bdh/work_eco/SW/bldc-control/ESP32/micro-ros/install/micro_ros_msgs/include/micro_ros_msgs/micro_ros_msgs/msg/detail/node__rosidl_typesupport_introspection_c.h
[2.608s] -- Installing: /home/eco-bdh/work_eco/SW/bldc-control/ESP32/micro-ros/install/micro_ros_msgs/include/micro_ros_msgs/micro_ros_msgs/msg/detail/entity__rosidl_typesupport_introspection_c.h
[2.608s] -- Installing: /home/eco-bdh/work_eco/SW/bldc-control/ESP32/micro-ros/install/micro_ros_msgs/include/micro_ros_msgs/micro_ros_msgs/msg/detail/entity__type_support.c
[2.608s] -- Installing: /home/eco-bdh/work_eco/SW/bldc-control/ESP32/micro-ros/install/micro_ros_msgs/include/micro_ros_msgs/micro_ros_msgs/msg/detail/graph__rosidl_typesupport_introspection_c.h
[2.608s] -- Installing: /home/eco-bdh/work_eco/SW/bldc-control/ESP32/micro-ros/install/micro_ros_msgs/include/micro_ros_msgs/micro_ros_msgs/msg/rosidl_typesupport_introspection_c__visibility_control.h
[2.608s] -- Installing: /home/eco-bdh/work_eco/SW/bldc-control/ESP32/micro-ros/install/micro_ros_msgs/lib/libmicro_ros_msgs__rosidl_typesupport_introspection_c.so
[2.609s] -- Set runtime path of "/home/eco-bdh/work_eco/SW/bldc-control/ESP32/micro-ros/install/micro_ros_msgs/lib/libmicro_ros_msgs__rosidl_typesupport_introspection_c.so" to ""
[2.609s] -- Installing: /home/eco-bdh/work_eco/SW/bldc-control/ESP32/micro-ros/install/micro_ros_msgs/lib/libmicro_ros_msgs__rosidl_typesupport_c.so
[2.609s] -- Set runtime path of "/home/eco-bdh/work_eco/SW/bldc-control/ESP32/micro-ros/install/micro_ros_msgs/lib/libmicro_ros_msgs__rosidl_typesupport_c.so" to ""
[2.609s] -- Up-to-date: /home/eco-bdh/work_eco/SW/bldc-control/ESP32/micro-ros/install/micro_ros_msgs/include/micro_ros_msgs/micro_ros_msgs
[2.609s] -- Up-to-date: /home/eco-bdh/work_eco/SW/bldc-control/ESP32/micro-ros/install/micro_ros_msgs/include/micro_ros_msgs/micro_ros_msgs/msg
[2.609s] -- Installing: /home/eco-bdh/work_eco/SW/bldc-control/ESP32/micro-ros/install/micro_ros_msgs/include/micro_ros_msgs/micro_ros_msgs/msg/node.hpp
[2.609s] -- Installing: /home/eco-bdh/work_eco/SW/bldc-control/ESP32/micro-ros/install/micro_ros_msgs/include/micro_ros_msgs/micro_ros_msgs/msg/entity.hpp
[2.609s] -- Up-to-date: /home/eco-bdh/work_eco/SW/bldc-control/ESP32/micro-ros/install/micro_ros_msgs/include/micro_ros_msgs/micro_ros_msgs/msg/detail
[2.609s] -- Installing: /home/eco-bdh/work_eco/SW/bldc-control/ESP32/micro-ros/install/micro_ros_msgs/include/micro_ros_msgs/micro_ros_msgs/msg/detail/graph__struct.hpp
[2.610s] -- Installing: /home/eco-bdh/work_eco/SW/bldc-control/ESP32/micro-ros/install/micro_ros_msgs/include/micro_ros_msgs/micro_ros_msgs/msg/detail/entity__builder.hpp
[2.610s] -- Installing: /home/eco-bdh/work_eco/SW/bldc-control/ESP32/micro-ros/install/micro_ros_msgs/include/micro_ros_msgs/micro_ros_msgs/msg/detail/entity__struct.hpp
[2.610s] -- Installing: /home/eco-bdh/work_eco/SW/bldc-control/ESP32/micro-ros/install/micro_ros_msgs/include/micro_ros_msgs/micro_ros_msgs/msg/detail/graph__builder.hpp
[2.610s] -- Installing: /home/eco-bdh/work_eco/SW/bldc-control/ESP32/micro-ros/install/micro_ros_msgs/include/micro_ros_msgs/micro_ros_msgs/msg/detail/entity__traits.hpp
[2.610s] -- Installing: /home/eco-bdh/work_eco/SW/bldc-control/ESP32/micro-ros/install/micro_ros_msgs/include/micro_ros_msgs/micro_ros_msgs/msg/detail/node__builder.hpp
[2.610s] -- Installing: /home/eco-bdh/work_eco/SW/bldc-control/ESP32/micro-ros/install/micro_ros_msgs/include/micro_ros_msgs/micro_ros_msgs/msg/detail/node__struct.hpp
[2.610s] -- Installing: /home/eco-bdh/work_eco/SW/bldc-control/ESP32/micro-ros/install/micro_ros_msgs/include/micro_ros_msgs/micro_ros_msgs/msg/detail/node__traits.hpp
[2.610s] -- Installing: /home/eco-bdh/work_eco/SW/bldc-control/ESP32/micro-ros/install/micro_ros_msgs/include/micro_ros_msgs/micro_ros_msgs/msg/detail/graph__traits.hpp
[2.611s] -- Installing: /home/eco-bdh/work_eco/SW/bldc-control/ESP32/micro-ros/install/micro_ros_msgs/include/micro_ros_msgs/micro_ros_msgs/msg/graph.hpp
[2.611s] -- Up-to-date: /home/eco-bdh/work_eco/SW/bldc-control/ESP32/micro-ros/install/micro_ros_msgs/include/micro_ros_msgs/micro_ros_msgs
[2.611s] -- Up-to-date: /home/eco-bdh/work_eco/SW/bldc-control/ESP32/micro-ros/install/micro_ros_msgs/include/micro_ros_msgs/micro_ros_msgs/msg
[2.611s] -- Up-to-date: /home/eco-bdh/work_eco/SW/bldc-control/ESP32/micro-ros/install/micro_ros_msgs/include/micro_ros_msgs/micro_ros_msgs/msg/detail
[2.611s] -- Installing: /home/eco-bdh/work_eco/SW/bldc-control/ESP32/micro-ros/install/micro_ros_msgs/include/micro_ros_msgs/micro_ros_msgs/msg/detail/node__rosidl_typesupport_fastrtps_cpp.hpp
[2.611s] -- Installing: /home/eco-bdh/work_eco/SW/bldc-control/ESP32/micro-ros/install/micro_ros_msgs/include/micro_ros_msgs/micro_ros_msgs/msg/detail/graph__rosidl_typesupport_fastrtps_cpp.hpp
[2.611s] -- Installing: /home/eco-bdh/work_eco/SW/bldc-control/ESP32/micro-ros/install/micro_ros_msgs/include/micro_ros_msgs/micro_ros_msgs/msg/detail/dds_fastrtps
[2.611s] -- Installing: /home/eco-bdh/work_eco/SW/bldc-control/ESP32/micro-ros/install/micro_ros_msgs/include/micro_ros_msgs/micro_ros_msgs/msg/detail/entity__rosidl_typesupport_fastrtps_cpp.hpp
[2.611s] -- Installing: /home/eco-bdh/work_eco/SW/bldc-control/ESP32/micro-ros/install/micro_ros_msgs/include/micro_ros_msgs/micro_ros_msgs/msg/rosidl_typesupport_fastrtps_cpp__visibility_control.h
[2.611s] -- Installing: /home/eco-bdh/work_eco/SW/bldc-control/ESP32/micro-ros/install/micro_ros_msgs/lib/libmicro_ros_msgs__rosidl_typesupport_fastrtps_cpp.so
[2.612s] -- Set runtime path of "/home/eco-bdh/work_eco/SW/bldc-control/ESP32/micro-ros/install/micro_ros_msgs/lib/libmicro_ros_msgs__rosidl_typesupport_fastrtps_cpp.so" to ""
[2.612s] -- Up-to-date: /home/eco-bdh/work_eco/SW/bldc-control/ESP32/micro-ros/install/micro_ros_msgs/include/micro_ros_msgs/micro_ros_msgs
[2.612s] -- Up-to-date: /home/eco-bdh/work_eco/SW/bldc-control/ESP32/micro-ros/install/micro_ros_msgs/include/micro_ros_msgs/micro_ros_msgs/msg
[2.612s] -- Up-to-date: /home/eco-bdh/work_eco/SW/bldc-control/ESP32/micro-ros/install/micro_ros_msgs/include/micro_ros_msgs/micro_ros_msgs/msg/detail
[2.612s] -- Installing: /home/eco-bdh/work_eco/SW/bldc-control/ESP32/micro-ros/install/micro_ros_msgs/include/micro_ros_msgs/micro_ros_msgs/msg/detail/entity__type_support.cpp
[2.612s] -- Installing: /home/eco-bdh/work_eco/SW/bldc-control/ESP32/micro-ros/install/micro_ros_msgs/include/micro_ros_msgs/micro_ros_msgs/msg/detail/graph__type_support.cpp
[2.612s] -- Installing: /home/eco-bdh/work_eco/SW/bldc-control/ESP32/micro-ros/install/micro_ros_msgs/include/micro_ros_msgs/micro_ros_msgs/msg/detail/graph__rosidl_typesupport_introspection_cpp.hpp
[2.613s] -- Installing: /home/eco-bdh/work_eco/SW/bldc-control/ESP32/micro-ros/install/micro_ros_msgs/include/micro_ros_msgs/micro_ros_msgs/msg/detail/node__rosidl_typesupport_introspection_cpp.hpp
[2.613s] -- Installing: /home/eco-bdh/work_eco/SW/bldc-control/ESP32/micro-ros/install/micro_ros_msgs/include/micro_ros_msgs/micro_ros_msgs/msg/detail/entity__rosidl_typesupport_introspection_cpp.hpp
[2.613s] -- Installing: /home/eco-bdh/work_eco/SW/bldc-control/ESP32/micro-ros/install/micro_ros_msgs/include/micro_ros_msgs/micro_ros_msgs/msg/detail/node__type_support.cpp
[2.613s] -- Installing: /home/eco-bdh/work_eco/SW/bldc-control/ESP32/micro-ros/install/micro_ros_msgs/lib/libmicro_ros_msgs__rosidl_typesupport_introspection_cpp.so
[2.614s] -- Set runtime path of "/home/eco-bdh/work_eco/SW/bldc-control/ESP32/micro-ros/install/micro_ros_msgs/lib/libmicro_ros_msgs__rosidl_typesupport_introspection_cpp.so" to ""
[2.614s] -- Installing: /home/eco-bdh/work_eco/SW/bldc-control/ESP32/micro-ros/install/micro_ros_msgs/lib/libmicro_ros_msgs__rosidl_typesupport_cpp.so
[2.614s] -- Set runtime path of "/home/eco-bdh/work_eco/SW/bldc-control/ESP32/micro-ros/install/micro_ros_msgs/lib/libmicro_ros_msgs__rosidl_typesupport_cpp.so" to ""
[2.614s] -- Installing: /home/eco-bdh/work_eco/SW/bldc-control/ESP32/micro-ros/install/micro_ros_msgs/share/micro_ros_msgs/environment/pythonpath.sh
[2.614s] -- Installing: /home/eco-bdh/work_eco/SW/bldc-control/ESP32/micro-ros/install/micro_ros_msgs/share/micro_ros_msgs/environment/pythonpath.dsv
[2.614s] -- Installing: /home/eco-bdh/work_eco/SW/bldc-control/ESP32/micro-ros/install/micro_ros_msgs/local/lib/python3.10/dist-packages/micro_ros_msgs-3.0.1-py3.10.egg-info
[2.614s] -- Installing: /home/eco-bdh/work_eco/SW/bldc-control/ESP32/micro-ros/install/micro_ros_msgs/local/lib/python3.10/dist-packages/micro_ros_msgs-3.0.1-py3.10.egg-info/PKG-INFO
[2.615s] -- Installing: /home/eco-bdh/work_eco/SW/bldc-control/ESP32/micro-ros/install/micro_ros_msgs/local/lib/python3.10/dist-packages/micro_ros_msgs-3.0.1-py3.10.egg-info/top_level.txt
[2.615s] -- Installing: /home/eco-bdh/work_eco/SW/bldc-control/ESP32/micro-ros/install/micro_ros_msgs/local/lib/python3.10/dist-packages/micro_ros_msgs-3.0.1-py3.10.egg-info/dependency_links.txt
[2.615s] -- Installing: /home/eco-bdh/work_eco/SW/bldc-control/ESP32/micro-ros/install/micro_ros_msgs/local/lib/python3.10/dist-packages/micro_ros_msgs-3.0.1-py3.10.egg-info/SOURCES.txt
[2.615s] -- Installing: /home/eco-bdh/work_eco/SW/bldc-control/ESP32/micro-ros/install/micro_ros_msgs/local/lib/python3.10/dist-packages/micro_ros_msgs
[2.615s] -- Installing: /home/eco-bdh/work_eco/SW/bldc-control/ESP32/micro-ros/install/micro_ros_msgs/local/lib/python3.10/dist-packages/micro_ros_msgs/micro_ros_msgs_s__rosidl_typesupport_fastrtps_c.cpython-310-x86_64-linux-gnu.so
[2.615s] -- Installing: /home/eco-bdh/work_eco/SW/bldc-control/ESP32/micro-ros/install/micro_ros_msgs/local/lib/python3.10/dist-packages/micro_ros_msgs/msg
[2.615s] -- Installing: /home/eco-bdh/work_eco/SW/bldc-control/ESP32/micro-ros/install/micro_ros_msgs/local/lib/python3.10/dist-packages/micro_ros_msgs/msg/_entity_s.c
[2.615s] -- Installing: /home/eco-bdh/work_eco/SW/bldc-control/ESP32/micro-ros/install/micro_ros_msgs/local/lib/python3.10/dist-packages/micro_ros_msgs/msg/_graph.py
[2.616s] -- Installing: /home/eco-bdh/work_eco/SW/bldc-control/ESP32/micro-ros/install/micro_ros_msgs/local/lib/python3.10/dist-packages/micro_ros_msgs/msg/__init__.py
[2.616s] -- Installing: /home/eco-bdh/work_eco/SW/bldc-control/ESP32/micro-ros/install/micro_ros_msgs/local/lib/python3.10/dist-packages/micro_ros_msgs/msg/_node.py
[2.616s] -- Installing: /home/eco-bdh/work_eco/SW/bldc-control/ESP32/micro-ros/install/micro_ros_msgs/local/lib/python3.10/dist-packages/micro_ros_msgs/msg/_entity.py
[2.616s] -- Installing: /home/eco-bdh/work_eco/SW/bldc-control/ESP32/micro-ros/install/micro_ros_msgs/local/lib/python3.10/dist-packages/micro_ros_msgs/msg/_node_s.c
[2.616s] -- Installing: /home/eco-bdh/work_eco/SW/bldc-control/ESP32/micro-ros/install/micro_ros_msgs/local/lib/python3.10/dist-packages/micro_ros_msgs/msg/_graph_s.c
[2.616s] -- Installing: /home/eco-bdh/work_eco/SW/bldc-control/ESP32/micro-ros/install/micro_ros_msgs/local/lib/python3.10/dist-packages/micro_ros_msgs/__init__.py
[2.616s] -- Installing: /home/eco-bdh/work_eco/SW/bldc-control/ESP32/micro-ros/install/micro_ros_msgs/local/lib/python3.10/dist-packages/micro_ros_msgs/libmicro_ros_msgs__rosidl_generator_py.so
[2.616s] -- Installing: /home/eco-bdh/work_eco/SW/bldc-control/ESP32/micro-ros/install/micro_ros_msgs/local/lib/python3.10/dist-packages/micro_ros_msgs/micro_ros_msgs_s__rosidl_typesupport_c.cpython-310-x86_64-linux-gnu.so
[2.617s] -- Installing: /home/eco-bdh/work_eco/SW/bldc-control/ESP32/micro-ros/install/micro_ros_msgs/local/lib/python3.10/dist-packages/micro_ros_msgs/_micro_ros_msgs_s.ep.rosidl_typesupport_c.c
[2.617s] -- Installing: /home/eco-bdh/work_eco/SW/bldc-control/ESP32/micro-ros/install/micro_ros_msgs/local/lib/python3.10/dist-packages/micro_ros_msgs/_micro_ros_msgs_s.ep.rosidl_typesupport_fastrtps_c.c
[2.617s] -- Installing: /home/eco-bdh/work_eco/SW/bldc-control/ESP32/micro-ros/install/micro_ros_msgs/local/lib/python3.10/dist-packages/micro_ros_msgs/_micro_ros_msgs_s.ep.rosidl_typesupport_introspection_c.c
[2.617s] -- Installing: /home/eco-bdh/work_eco/SW/bldc-control/ESP32/micro-ros/install/micro_ros_msgs/local/lib/python3.10/dist-packages/micro_ros_msgs/micro_ros_msgs_s__rosidl_typesupport_introspection_c.cpython-310-x86_64-linux-gnu.so
[2.642s] Listing '/home/eco-bdh/work_eco/SW/bldc-control/ESP32/micro-ros/install/micro_ros_msgs/local/lib/python3.10/dist-packages/micro_ros_msgs'...
[2.642s] Compiling '/home/eco-bdh/work_eco/SW/bldc-control/ESP32/micro-ros/install/micro_ros_msgs/local/lib/python3.10/dist-packages/micro_ros_msgs/__init__.py'...
[2.642s] Listing '/home/eco-bdh/work_eco/SW/bldc-control/ESP32/micro-ros/install/micro_ros_msgs/local/lib/python3.10/dist-packages/micro_ros_msgs/msg'...
[2.642s] Compiling '/home/eco-bdh/work_eco/SW/bldc-control/ESP32/micro-ros/install/micro_ros_msgs/local/lib/python3.10/dist-packages/micro_ros_msgs/msg/__init__.py'...
[2.642s] Compiling '/home/eco-bdh/work_eco/SW/bldc-control/ESP32/micro-ros/install/micro_ros_msgs/local/lib/python3.10/dist-packages/micro_ros_msgs/msg/_entity.py'...
[2.642s] Compiling '/home/eco-bdh/work_eco/SW/bldc-control/ESP32/micro-ros/install/micro_ros_msgs/local/lib/python3.10/dist-packages/micro_ros_msgs/msg/_graph.py'...
[2.642s] Compiling '/home/eco-bdh/work_eco/SW/bldc-control/ESP32/micro-ros/install/micro_ros_msgs/local/lib/python3.10/dist-packages/micro_ros_msgs/msg/_node.py'...
[2.645s] -- Installing: /home/eco-bdh/work_eco/SW/bldc-control/ESP32/micro-ros/install/micro_ros_msgs/local/lib/python3.10/dist-packages/micro_ros_msgs/micro_ros_msgs_s__rosidl_typesupport_fastrtps_c.cpython-310-x86_64-linux-gnu.so
[2.646s] -- Set runtime path of "/home/eco-bdh/work_eco/SW/bldc-control/ESP32/micro-ros/install/micro_ros_msgs/local/lib/python3.10/dist-packages/micro_ros_msgs/micro_ros_msgs_s__rosidl_typesupport_fastrtps_c.cpython-310-x86_64-linux-gnu.so" to ""
[2.646s] -- Installing: /home/eco-bdh/work_eco/SW/bldc-control/ESP32/micro-ros/install/micro_ros_msgs/local/lib/python3.10/dist-packages/micro_ros_msgs/micro_ros_msgs_s__rosidl_typesupport_introspection_c.cpython-310-x86_64-linux-gnu.so
[2.646s] -- Set runtime path of "/home/eco-bdh/work_eco/SW/bldc-control/ESP32/micro-ros/install/micro_ros_msgs/local/lib/python3.10/dist-packages/micro_ros_msgs/micro_ros_msgs_s__rosidl_typesupport_introspection_c.cpython-310-x86_64-linux-gnu.so" to ""
[2.646s] -- Installing: /home/eco-bdh/work_eco/SW/bldc-control/ESP32/micro-ros/install/micro_ros_msgs/local/lib/python3.10/dist-packages/micro_ros_msgs/micro_ros_msgs_s__rosidl_typesupport_c.cpython-310-x86_64-linux-gnu.so
[2.646s] -- Set runtime path of "/home/eco-bdh/work_eco/SW/bldc-control/ESP32/micro-ros/install/micro_ros_msgs/local/lib/python3.10/dist-packages/micro_ros_msgs/micro_ros_msgs_s__rosidl_typesupport_c.cpython-310-x86_64-linux-gnu.so" to ""
[2.647s] -- Installing: /home/eco-bdh/work_eco/SW/bldc-control/ESP32/micro-ros/install/micro_ros_msgs/lib/libmicro_ros_msgs__rosidl_generator_py.so
[2.647s] -- Set runtime path of "/home/eco-bdh/work_eco/SW/bldc-control/ESP32/micro-ros/install/micro_ros_msgs/lib/libmicro_ros_msgs__rosidl_generator_py.so" to ""
[2.647s] -- Installing: /home/eco-bdh/work_eco/SW/bldc-control/ESP32/micro-ros/install/micro_ros_msgs/share/micro_ros_msgs/msg/Graph.idl
[2.647s] -- Installing: /home/eco-bdh/work_eco/SW/bldc-control/ESP32/micro-ros/install/micro_ros_msgs/share/micro_ros_msgs/msg/Node.idl
[2.647s] -- Installing: /home/eco-bdh/work_eco/SW/bldc-control/ESP32/micro-ros/install/micro_ros_msgs/share/micro_ros_msgs/msg/Entity.idl
[2.647s] -- Installing: /home/eco-bdh/work_eco/SW/bldc-control/ESP32/micro-ros/install/micro_ros_msgs/share/micro_ros_msgs/msg/Graph.msg
[2.648s] -- Installing: /home/eco-bdh/work_eco/SW/bldc-control/ESP32/micro-ros/install/micro_ros_msgs/share/micro_ros_msgs/msg/Node.msg
[2.648s] -- Installing: /home/eco-bdh/work_eco/SW/bldc-control/ESP32/micro-ros/install/micro_ros_msgs/share/micro_ros_msgs/msg/Entity.msg
[2.648s] -- Installing: /home/eco-bdh/work_eco/SW/bldc-control/ESP32/micro-ros/install/micro_ros_msgs/share/ament_index/resource_index/package_run_dependencies/micro_ros_msgs
[2.648s] -- Installing: /home/eco-bdh/work_eco/SW/bldc-control/ESP32/micro-ros/install/micro_ros_msgs/share/ament_index/resource_index/parent_prefix_path/micro_ros_msgs
[2.648s] -- Installing: /home/eco-bdh/work_eco/SW/bldc-control/ESP32/micro-ros/install/micro_ros_msgs/share/micro_ros_msgs/environment/ament_prefix_path.sh
[2.648s] -- Installing: /home/eco-bdh/work_eco/SW/bldc-control/ESP32/micro-ros/install/micro_ros_msgs/share/micro_ros_msgs/environment/ament_prefix_path.dsv
[2.649s] -- Installing: /home/eco-bdh/work_eco/SW/bldc-control/ESP32/micro-ros/install/micro_ros_msgs/share/micro_ros_msgs/environment/path.sh
[2.649s] -- Installing: /home/eco-bdh/work_eco/SW/bldc-control/ESP32/micro-ros/install/micro_ros_msgs/share/micro_ros_msgs/environment/path.dsv
[2.649s] -- Installing: /home/eco-bdh/work_eco/SW/bldc-control/ESP32/micro-ros/install/micro_ros_msgs/share/micro_ros_msgs/local_setup.bash
[2.649s] -- Installing: /home/eco-bdh/work_eco/SW/bldc-control/ESP32/micro-ros/install/micro_ros_msgs/share/micro_ros_msgs/local_setup.sh
[2.649s] -- Installing: /home/eco-bdh/work_eco/SW/bldc-control/ESP32/micro-ros/install/micro_ros_msgs/share/micro_ros_msgs/local_setup.zsh
[2.649s] -- Installing: /home/eco-bdh/work_eco/SW/bldc-control/ESP32/micro-ros/install/micro_ros_msgs/share/micro_ros_msgs/local_setup.dsv
[2.649s] -- Installing: /home/eco-bdh/work_eco/SW/bldc-control/ESP32/micro-ros/install/micro_ros_msgs/share/micro_ros_msgs/package.dsv
[2.650s] -- Installing: /home/eco-bdh/work_eco/SW/bldc-control/ESP32/micro-ros/install/micro_ros_msgs/share/ament_index/resource_index/packages/micro_ros_msgs
[2.650s] -- Installing: /home/eco-bdh/work_eco/SW/bldc-control/ESP32/micro-ros/install/micro_ros_msgs/share/micro_ros_msgs/cmake/export_micro_ros_msgs__rosidl_generator_cExport.cmake
[2.650s] -- Installing: /home/eco-bdh/work_eco/SW/bldc-control/ESP32/micro-ros/install/micro_ros_msgs/share/micro_ros_msgs/cmake/export_micro_ros_msgs__rosidl_generator_cExport-noconfig.cmake
[2.650s] -- Installing: /home/eco-bdh/work_eco/SW/bldc-control/ESP32/micro-ros/install/micro_ros_msgs/share/micro_ros_msgs/cmake/export_micro_ros_msgs__rosidl_typesupport_fastrtps_cExport.cmake
[2.650s] -- Installing: /home/eco-bdh/work_eco/SW/bldc-control/ESP32/micro-ros/install/micro_ros_msgs/share/micro_ros_msgs/cmake/export_micro_ros_msgs__rosidl_typesupport_fastrtps_cExport-noconfig.cmake
[2.650s] -- Installing: /home/eco-bdh/work_eco/SW/bldc-control/ESP32/micro-ros/install/micro_ros_msgs/share/micro_ros_msgs/cmake/micro_ros_msgs__rosidl_typesupport_introspection_cExport.cmake
[2.650s] -- Installing: /home/eco-bdh/work_eco/SW/bldc-control/ESP32/micro-ros/install/micro_ros_msgs/share/micro_ros_msgs/cmake/micro_ros_msgs__rosidl_typesupport_introspection_cExport-noconfig.cmake
[2.651s] -- Installing: /home/eco-bdh/work_eco/SW/bldc-control/ESP32/micro-ros/install/micro_ros_msgs/share/micro_ros_msgs/cmake/micro_ros_msgs__rosidl_typesupport_cExport.cmake
[2.651s] -- Installing: /home/eco-bdh/work_eco/SW/bldc-control/ESP32/micro-ros/install/micro_ros_msgs/share/micro_ros_msgs/cmake/micro_ros_msgs__rosidl_typesupport_cExport-noconfig.cmake
[2.651s] -- Installing: /home/eco-bdh/work_eco/SW/bldc-control/ESP32/micro-ros/install/micro_ros_msgs/share/micro_ros_msgs/cmake/export_micro_ros_msgs__rosidl_generator_cppExport.cmake
[2.651s] -- Installing: /home/eco-bdh/work_eco/SW/bldc-control/ESP32/micro-ros/install/micro_ros_msgs/share/micro_ros_msgs/cmake/export_micro_ros_msgs__rosidl_typesupport_fastrtps_cppExport.cmake
[2.651s] -- Installing: /home/eco-bdh/work_eco/SW/bldc-control/ESP32/micro-ros/install/micro_ros_msgs/share/micro_ros_msgs/cmake/export_micro_ros_msgs__rosidl_typesupport_fastrtps_cppExport-noconfig.cmake
[2.651s] -- Installing: /home/eco-bdh/work_eco/SW/bldc-control/ESP32/micro-ros/install/micro_ros_msgs/share/micro_ros_msgs/cmake/micro_ros_msgs__rosidl_typesupport_introspection_cppExport.cmake
[2.652s] -- Installing: /home/eco-bdh/work_eco/SW/bldc-control/ESP32/micro-ros/install/micro_ros_msgs/share/micro_ros_msgs/cmake/micro_ros_msgs__rosidl_typesupport_introspection_cppExport-noconfig.cmake
[2.652s] -- Installing: /home/eco-bdh/work_eco/SW/bldc-control/ESP32/micro-ros/install/micro_ros_msgs/share/micro_ros_msgs/cmake/micro_ros_msgs__rosidl_typesupport_cppExport.cmake
[2.652s] -- Installing: /home/eco-bdh/work_eco/SW/bldc-control/ESP32/micro-ros/install/micro_ros_msgs/share/micro_ros_msgs/cmake/micro_ros_msgs__rosidl_typesupport_cppExport-noconfig.cmake
[2.652s] -- Installing: /home/eco-bdh/work_eco/SW/bldc-control/ESP32/micro-ros/install/micro_ros_msgs/share/micro_ros_msgs/cmake/export_micro_ros_msgs__rosidl_generator_pyExport.cmake
[2.652s] -- Installing: /home/eco-bdh/work_eco/SW/bldc-control/ESP32/micro-ros/install/micro_ros_msgs/share/micro_ros_msgs/cmake/export_micro_ros_msgs__rosidl_generator_pyExport-noconfig.cmake
[2.652s] -- Installing: /home/eco-bdh/work_eco/SW/bldc-control/ESP32/micro-ros/install/micro_ros_msgs/share/micro_ros_msgs/cmake/rosidl_cmake-extras.cmake
[2.652s] -- Installing: /home/eco-bdh/work_eco/SW/bldc-control/ESP32/micro-ros/install/micro_ros_msgs/share/micro_ros_msgs/cmake/ament_cmake_export_include_directories-extras.cmake
[2.653s] -- Installing: /home/eco-bdh/work_eco/SW/bldc-control/ESP32/micro-ros/install/micro_ros_msgs/share/micro_ros_msgs/cmake/ament_cmake_export_libraries-extras.cmake
[2.653s] -- Installing: /home/eco-bdh/work_eco/SW/bldc-control/ESP32/micro-ros/install/micro_ros_msgs/share/micro_ros_msgs/cmake/ament_cmake_export_targets-extras.cmake
[2.653s] -- Installing: /home/eco-bdh/work_eco/SW/bldc-control/ESP32/micro-ros/install/micro_ros_msgs/share/micro_ros_msgs/cmake/rosidl_cmake_export_typesupport_targets-extras.cmake
[2.653s] -- Installing: /home/eco-bdh/work_eco/SW/bldc-control/ESP32/micro-ros/install/micro_ros_msgs/share/micro_ros_msgs/cmake/ament_cmake_export_dependencies-extras.cmake
[2.653s] -- Installing: /home/eco-bdh/work_eco/SW/bldc-control/ESP32/micro-ros/install/micro_ros_msgs/share/micro_ros_msgs/cmake/rosidl_cmake_export_typesupport_libraries-extras.cmake
[2.653s] -- Installing: /home/eco-bdh/work_eco/SW/bldc-control/ESP32/micro-ros/install/micro_ros_msgs/share/micro_ros_msgs/cmake/micro_ros_msgsConfig.cmake
[2.653s] -- Installing: /home/eco-bdh/work_eco/SW/bldc-control/ESP32/micro-ros/install/micro_ros_msgs/share/micro_ros_msgs/cmake/micro_ros_msgsConfig-version.cmake
[2.654s] -- Installing: /home/eco-bdh/work_eco/SW/bldc-control/ESP32/micro-ros/install/micro_ros_msgs/share/micro_ros_msgs/package.xml
[2.655s] Invoked command in '/home/eco-bdh/work_eco/SW/bldc-control/ESP32/micro-ros/build/micro_ros_msgs' returned '0': CMAKE_PREFIX_PATH=${CMAKE_PREFIX_PATH}:/opt/ros/humble /usr/bin/cmake --install /home/eco-bdh/work_eco/SW/bldc-control/ESP32/micro-ros/build/micro_ros_msgs
